<?xml version="1.0" encoding="UTF-8"?>
<testng-results skipped="0" failed="0" ignored="7" total="10" passed="3">
  <reporter-output>
  </reporter-output>
  <suite name="Default suite" duration-ms="20276" started-at="2020-07-03T13:43:02Z" finished-at="2020-07-03T13:43:22Z">
    <groups>
    </groups>
    <test name="Default test" duration-ms="20276" started-at="2020-07-03T13:43:02Z" finished-at="2020-07-03T13:43:22Z">
      <class name="basRestAssured.citiesTestsAlmatar">
        <test-method status="PASS" signature="setUp()[pri:0, instance:basRestAssured.citiesTestsAlmatar@28d25987]" name="setUp" is-config="true" duration-ms="1214" started-at="2020-07-03T15:43:02Z" finished-at="2020-07-03T15:43:03Z">
          <reporter-output>
          </reporter-output>
        </test-method> <!-- setUp -->
        <test-method status="PASS" signature="searchOneWayItinerary()[pri:7, instance:basRestAssured.citiesTestsAlmatar@28d25987]" name="searchOneWayItinerary" duration-ms="6118" started-at="2020-07-03T15:43:03Z" finished-at="2020-07-03T15:43:10Z">
          <reporter-output>
          </reporter-output>
        </test-method> <!-- searchOneWayItinerary -->
        <test-method status="PASS" signature="validateItinerary()[pri:8, instance:basRestAssured.citiesTestsAlmatar@28d25987]" name="validateItinerary" duration-ms="9503" started-at="2020-07-03T15:43:10Z" finished-at="2020-07-03T15:43:19Z">
          <reporter-output>
          </reporter-output>
        </test-method> <!-- validateItinerary -->
        <test-method status="PASS" signature="getItineraryDetails()[pri:9, instance:basRestAssured.citiesTestsAlmatar@28d25987]" name="getItineraryDetails" duration-ms="3421" started-at="2020-07-03T15:43:19Z" finished-at="2020-07-03T15:43:22Z">
          <reporter-output>
          </reporter-output>
        </test-method> <!-- getItineraryDetails -->
      </class> <!-- basRestAssured.citiesTestsAlmatar -->
    </test> <!-- Default test -->
  </suite> <!-- Default suite -->
</testng-results>
