<?xml version="1.0" encoding="UTF-8"?>
<!-- Generated by org.testng.reporters.JUnitXMLReporter -->
<testsuite hostname="GLM-DV-L14" ignored="7" name="Default test" tests="3" failures="0" timestamp="03 Jul 2020 13:43:23 GMT" time="20.276" errors="0">
  <testcase name="searchOneWayItinerary" time="6.118" classname="basRestAssured.citiesTestsAlmatar"/>
  <testcase name="validateItinerary" time="9.503" classname="basRestAssured.citiesTestsAlmatar"/>
  <testcase name="getItineraryDetails" time="3.421" classname="basRestAssured.citiesTestsAlmatar"/>
  <testcase name="searchOneWayItineraryDEMO" time="0.0" classname="basRestAssured.citiesTestsAlmatar">
    <ignored/>
  </testcase> <!-- searchOneWayItineraryDEMO -->
  <testcase name="requestDetinations" time="0.0" classname="basRestAssured.citiesTestsAlmatar">
    <ignored/>
  </testcase> <!-- requestDetinations -->
  <testcase name="requestTopDestinations" time="0.0" classname="basRestAssured.citiesTestsAlmatar">
    <ignored/>
  </testcase> <!-- requestTopDestinations -->
  <testcase name="requestCities" time="0.0" classname="basRestAssured.citiesTestsAlmatar">
    <ignored/>
  </testcase> <!-- requestCities -->
  <testcase name="requestSuggestions" time="0.0" classname="basRestAssured.citiesTestsAlmatar">
    <ignored/>
  </testcase> <!-- requestSuggestions -->
  <testcase name="requestRates" time="0.0" classname="basRestAssured.citiesTestsAlmatar">
    <ignored/>
  </testcase> <!-- requestRates -->
  <testcase name="requestOffers" time="0.0" classname="basRestAssured.citiesTestsAlmatar">
    <ignored/>
  </testcase> <!-- requestOffers -->
</testsuite> <!-- Default test -->
